0 info it worked if it ends with ok
1 verbose cli [ '/usr/local/bin/node', '/usr/local/bin/npm', 'run', 'zombie' ]
2 info using npm@3.10.10
3 info using node@v6.10.3
4 verbose run-script [ 'prezombie', 'zombie', 'postzombie' ]
5 info lifecycle makersbnb@1.0.0~prezombie: makersbnb@1.0.0
6 silly lifecycle makersbnb@1.0.0~prezombie: no script for prezombie, continuing
7 info lifecycle makersbnb@1.0.0~zombie: makersbnb@1.0.0
8 verbose lifecycle makersbnb@1.0.0~zombie: unsafe-perm in lifecycle true
9 verbose lifecycle makersbnb@1.0.0~zombie: PATH: /usr/local/lib/node_modules/npm/bin/node-gyp-bin:/Users/chrismitchell/projects/makersbnb/node_modules/.bin:/Users/chrismitchell/.rvm/gems/ruby-2.4.0/bin:/Users/chrismitchell/.rvm/gems/ruby-2.4.0@global/bin:/Users/chrismitchell/.rvm/rubies/ruby-2.4.0/bin:/usr/local/opt/openssl/bin:/usr/local/bin:/usr/bin:/bin:/usr/sbin:/sbin:/Users/chrismitchell/.rvm/bin
10 verbose lifecycle makersbnb@1.0.0~zombie: CWD: /Users/chrismitchell/projects/makersbnb
11 silly lifecycle makersbnb@1.0.0~zombie: Args: [ '-c', 'jasmine-node ./spec/ZombieSpec.js' ]
12 silly lifecycle makersbnb@1.0.0~zombie: Returned: code: 1  signal: null
13 info lifecycle makersbnb@1.0.0~zombie: Failed to exec zombie script
14 verbose stack Error: makersbnb@1.0.0 zombie: `jasmine-node ./spec/ZombieSpec.js`
14 verbose stack Exit status 1
14 verbose stack     at EventEmitter.<anonymous> (/usr/local/lib/node_modules/npm/lib/utils/lifecycle.js:255:16)
14 verbose stack     at emitTwo (events.js:106:13)
14 verbose stack     at EventEmitter.emit (events.js:191:7)
14 verbose stack     at ChildProcess.<anonymous> (/usr/local/lib/node_modules/npm/lib/utils/spawn.js:40:14)
14 verbose stack     at emitTwo (events.js:106:13)
14 verbose stack     at ChildProcess.emit (events.js:191:7)
14 verbose stack     at maybeClose (internal/child_process.js:886:16)
14 verbose stack     at Process.ChildProcess._handle.onexit (internal/child_process.js:226:5)
15 verbose pkgid makersbnb@1.0.0
16 verbose cwd /Users/chrismitchell/projects/makersbnb
17 error Darwin 14.0.0
18 error argv "/usr/local/bin/node" "/usr/local/bin/npm" "run" "zombie"
19 error node v6.10.3
20 error npm  v3.10.10
21 error code ELIFECYCLE
22 error makersbnb@1.0.0 zombie: `jasmine-node ./spec/ZombieSpec.js`
22 error Exit status 1
23 error Failed at the makersbnb@1.0.0 zombie script 'jasmine-node ./spec/ZombieSpec.js'.
23 error Make sure you have the latest version of node.js and npm installed.
23 error If you do, this is most likely a problem with the makersbnb package,
23 error not with npm itself.
23 error Tell the author that this fails on your system:
23 error     jasmine-node ./spec/ZombieSpec.js
23 error You can get information on how to open an issue for this project with:
23 error     npm bugs makersbnb
23 error Or if that isn't available, you can get their info via:
23 error     npm owner ls makersbnb
23 error There is likely additional logging output above.
24 verbose exit [ 1, true ]
